app/build/intermediates/manifest_merge_blame_file/debug/manifest-merger-blame-debug-report.txt
1<?xml version="1.0" encoding="utf-8"?>
2<manifest xmlns:android="http://schemas.android.com/apk/res/android"
3    package="com.murach.newsreader"
4    android:versionCode="1"
5    android:versionName="1.0" >
6
7    <uses-sdk
8        android:minSdkVersion="16"
8-->src\main\AndroidManifest.xml
9        android:targetSdkVersion="23" />
9-->src\main\AndroidManifest.xml
10
11    <uses-permission android:name="android.permission.INTERNET" />
11-->src\main\AndroidManifest.xml:7:5-67
11-->src\main\AndroidManifest.xml:7:22-64
12    <uses-permission android:name="android.permission.ACCESS_NETWORK_STATE" />
12-->src\main\AndroidManifest.xml:8:5-79
12-->src\main\AndroidManifest.xml:8:22-76
13
14    <application
14-->src\main\AndroidManifest.xml:10:5-32:19
15        android:name="com.murach.newsreader.NewsReaderApp"
15-->src\main\AndroidManifest.xml:11:9-59
16        android:allowBackup="true"
16-->src\main\AndroidManifest.xml:12:9-35
17        android:debuggable="true"
18        android:icon="@drawable/ic_launcher"
18-->src\main\AndroidManifest.xml:13:9-45
19        android:label="@string/app_name"
19-->src\main\AndroidManifest.xml:14:9-41
20        android:testOnly="true"
21        android:theme="@style/AppTheme" >
21-->src\main\AndroidManifest.xml:15:9-40
22        <activity
22-->src\main\AndroidManifest.xml:16:9-23:20
23            android:name="com.murach.newsreader.ItemsActivity"
23-->src\main\AndroidManifest.xml:17:13-63
24            android:label="@string/app_name" >
24-->src\main\AndroidManifest.xml:18:13-45
25            <intent-filter>
25-->src\main\AndroidManifest.xml:19:13-22:29
26                <action android:name="android.intent.action.MAIN" />
26-->src\main\AndroidManifest.xml:20:17-69
26-->src\main\AndroidManifest.xml:20:25-66
27
28                <category android:name="android.intent.category.LAUNCHER" />
28-->src\main\AndroidManifest.xml:21:17-77
28-->src\main\AndroidManifest.xml:21:27-74
29            </intent-filter>
30        </activity>
31        <activity
31-->src\main\AndroidManifest.xml:24:9-27:20
32            android:name="com.murach.newsreader.ItemActivity"
32-->src\main\AndroidManifest.xml:25:13-62
33            android:label="@string/app_name" >
33-->src\main\AndroidManifest.xml:26:13-45
34        </activity>
35
36        <service
36-->src\main\AndroidManifest.xml:28:9-31:19
37            android:name="com.murach.newsreader.NewsReaderService"
37-->src\main\AndroidManifest.xml:29:13-46
38            android:exported="false" >
38-->src\main\AndroidManifest.xml:30:13-37
39        </service>
40    </application>
41
42</manifest>